{
  "0 debug pnpm:scope": {
    "selected": 1
  },
  "1 error pnpm": {
    "code": "ELIFECYCLE",
    "errno": "ENOENT",
    "syscall": "spawn",
    "file": "sh",
    "pkgid": "svelte-app@1.0.0",
    "stage": "dev",
    "script": "concurrently \"rollup -c -w\" \"pnpm run watch:tailwind\"",
    "pkgname": "svelte-app",
    "err": {
      "name": "Error",
      "message": "svelte-app@1.0.0 dev: `concurrently \"rollup -c -w\" \"pnpm run watch:tailwind\"`\nspawn ENOENT",
      "code": "ELIFECYCLE",
      "stack": "Error: svelte-app@1.0.0 dev: `concurrently \"rollup -c -w\" \"pnpm run watch:tailwind\"`\nspawn ENOENT\n    at ChildProcess.<anonymous> (/Users/alestry-perez/pnpm-global/5/node_modules/.pnpm/pnpm@6.3.0/node_modules/pnpm/dist/pnpm.cjs:89015:20)\n    at ChildProcess.emit (node:events:394:28)\n    at maybeClose (node:internal/child_process:1067:16)\n    at Process.ChildProcess._handle.onexit (node:internal/child_process:301:5)"
    }
  }
}